<?xml version="1.0" encoding="UTF-8"?>
<!-- Generated by org.testng.reporters.JUnitXMLReporter -->
<testsuite ignored="0" hostname="DESKTOP-6F2V0OJ" failures="0" tests="2" name="Default test" time="0.039" errors="0" timestamp="2021-06-15T21:29:57 CDT">
  <testcase classname="TestCases.copy.Readingdata" name="withinUSA" time="0.0">
    <skipped/>
  </testcase> <!-- withinUSA -->
  <testcase classname="TestCases.copy.Readingdata" name="Abroad" time="0.0">
    <skipped/>
  </testcase> <!-- Abroad -->
</testsuite> <!-- Default test -->
