<?xml version="1.0" encoding="UTF-8"?>
<!-- Generated by org.testng.reporters.JUnitXMLReporter -->
<testsuite ignored="0" hostname="II39-PF265WJ0" failures="0" tests="6" name="Default test" time="0.636" errors="0" timestamp="2021-06-08T09:26:47 IST">
  <testcase classname="TestCases.copy.Readingdata" name="withinUSA" time="0.005"/>
  <testcase classname="TestCases.copy.Readingdata" name="withinUSA" time="0.001"/>
  <testcase classname="TestCases.copy.Readingdata" name="withinUSA" time="0.001"/>
  <testcase classname="TestCases.copy.Readingdata" name="Abroad" time="0.001"/>
  <testcase classname="TestCases.copy.Readingdata" name="Abroad" time="0.001"/>
  <testcase classname="TestCases.copy.Readingdata" name="Abroad" time="0.001"/>
</testsuite> <!-- Default test -->
