<?xml version="1.0" encoding="UTF-8"?>
<!-- Generated by org.testng.reporters.JUnitXMLReporter -->
<testsuite ignored="3" hostname="II39-PF265WJ0" failures="1" tests="1" name="Test" time="0.047" errors="0" timestamp="2021-06-18T08:34:14 IST">
  <testcase classname="TestCases.copy.test_1" name="invoke1" time="0.009">
    <failure type="java.lang.NullPointerException" message="Cannot invoke &amp;quot;com.aventstack.extentreports.ExtentReports.createTest(String)&amp;quot; because &amp;quot;this.Reports&amp;quot; is null">
      <![CDATA[java.lang.NullPointerException: Cannot invoke "com.aventstack.extentreports.ExtentReports.createTest(String)" because "this.Reports" is null
at TestCases.copy.test_1.invoke1(test_1.java:13)
at java.base/java.util.ArrayList.forEach(ArrayList.java:1511)
... Removed 27 stack frames]]>
    </failure>
  </testcase> <!-- invoke1 -->
  <testcase classname="TestCases.copy.test_1" name="invoke2" time="0.0">
    <ignored/>
  </testcase> <!-- invoke2 -->
  <testcase classname="TestCases.copy.test_1" name="invoke3" time="0.0">
    <ignored/>
  </testcase> <!-- invoke3 -->
  <testcase classname="TestCases.copy.Test_2" name="invoke4" time="0.0">
    <ignored/>
  </testcase> <!-- invoke4 -->
</testsuite> <!-- Test -->
