<?xml version="1.0" encoding="UTF-8"?>
<testng-results ignored="0" total="6" passed="6" failed="0" skipped="0">
  <reporter-output>
  </reporter-output>
  <suite started-at="2021-06-08T09:39:34 IST" name="Suite" finished-at="2021-06-08T09:39:34 IST" duration-ms="618">
    <groups>
    </groups>
    <test started-at="2021-06-08T09:39:34 IST" name="Test" finished-at="2021-06-08T09:39:34 IST" duration-ms="618">
      <class name="TestCases.copy.Readingdata">
        <test-method signature="Abroad(java.util.HashMap)[pri:0, instance:TestCases.copy.Readingdata@58695725]" started-at="2021-06-08T09:39:34 IST" name="Abroad" data-provider="data" finished-at="2021-06-08T09:39:34 IST" duration-ms="5" status="PASS">
          <params>
            <param index="0">
              <value>
                <![CDATA[{From=San Diego, To=Dublin}]]>
              </value>
            </param>
          </params>
          <reporter-output>
          </reporter-output>
        </test-method> <!-- Abroad -->
        <test-method signature="withinUSA(java.util.HashMap)[pri:0, instance:TestCases.copy.Readingdata@58695725]" started-at="2021-06-08T09:39:34 IST" name="withinUSA" data-provider="data" finished-at="2021-06-08T09:39:34 IST" duration-ms="5" status="PASS">
          <params>
            <param index="0">
              <value>
                <![CDATA[{From=San Diego, To=New York}]]>
              </value>
            </param>
          </params>
          <reporter-output>
          </reporter-output>
        </test-method> <!-- withinUSA -->
        <test-method signature="withinUSA(java.util.HashMap)[pri:0, instance:TestCases.copy.Readingdata@58695725]" started-at="2021-06-08T09:39:34 IST" name="withinUSA" data-provider="data" finished-at="2021-06-08T09:39:34 IST" duration-ms="4" status="PASS">
          <params>
            <param index="0">
              <value>
                <![CDATA[{From=San Diego, To=New York}]]>
              </value>
            </param>
          </params>
          <reporter-output>
          </reporter-output>
        </test-method> <!-- withinUSA -->
        <test-method signature="Abroad(java.util.HashMap)[pri:0, instance:TestCases.copy.Readingdata@58695725]" started-at="2021-06-08T09:39:34 IST" name="Abroad" data-provider="data" finished-at="2021-06-08T09:39:34 IST" duration-ms="1" status="PASS">
          <params>
            <param index="0">
              <value>
                <![CDATA[{From=San Diego, To=Dublin}]]>
              </value>
            </param>
          </params>
          <reporter-output>
          </reporter-output>
        </test-method> <!-- Abroad -->
        <test-method signature="Abroad(java.util.HashMap)[pri:0, instance:TestCases.copy.Readingdata@58695725]" started-at="2021-06-08T09:39:34 IST" name="Abroad" data-provider="data" finished-at="2021-06-08T09:39:34 IST" duration-ms="1" status="PASS">
          <params>
            <param index="0">
              <value>
                <![CDATA[{From=San Diego, To=Dublin}]]>
              </value>
            </param>
          </params>
          <reporter-output>
          </reporter-output>
        </test-method> <!-- Abroad -->
        <test-method signature="withinUSA(java.util.HashMap)[pri:0, instance:TestCases.copy.Readingdata@58695725]" started-at="2021-06-08T09:39:34 IST" name="withinUSA" data-provider="data" finished-at="2021-06-08T09:39:34 IST" duration-ms="2" status="PASS">
          <params>
            <param index="0">
              <value>
                <![CDATA[{From=San Diego, To=New York}]]>
              </value>
            </param>
          </params>
          <reporter-output>
          </reporter-output>
        </test-method> <!-- withinUSA -->
      </class> <!-- TestCases.copy.Readingdata -->
    </test> <!-- Test -->
  </suite> <!-- Suite -->
</testng-results>
