<?xml version="1.0" encoding="UTF-8"?>
<testng-results ignored="0" total="6" passed="6" failed="0" skipped="0">
  <reporter-output>
  </reporter-output>
  <suite started-at="2021-06-23T09:15:21 IST" name="Default suite" finished-at="2021-06-23T09:15:22 IST" duration-ms="680">
    <groups>
    </groups>
    <test started-at="2021-06-23T09:15:21 IST" name="Default test" finished-at="2021-06-23T09:15:22 IST" duration-ms="680">
      <class name="TestCases.Readingdata">
        <test-method signature="Abroad(java.util.HashMap)[pri:0, instance:TestCases.Readingdata@618425b5]" started-at="2021-06-23T09:15:22 IST" name="Abroad" data-provider="data" finished-at="2021-06-23T09:15:22 IST" duration-ms="5" status="PASS">
          <params>
            <param index="0">
              <value>
                <![CDATA[{From=San Diego, To=Dublin}]]>
              </value>
            </param>
          </params>
          <reporter-output>
          </reporter-output>
        </test-method> <!-- Abroad -->
        <test-method signature="Abroad(java.util.HashMap)[pri:0, instance:TestCases.Readingdata@618425b5]" started-at="2021-06-23T09:15:22 IST" name="Abroad" data-provider="data" finished-at="2021-06-23T09:15:22 IST" duration-ms="2" status="PASS">
          <params>
            <param index="0">
              <value>
                <![CDATA[{From=San Diego, To=Dublin}]]>
              </value>
            </param>
          </params>
          <reporter-output>
          </reporter-output>
        </test-method> <!-- Abroad -->
        <test-method signature="Abroad(java.util.HashMap)[pri:0, instance:TestCases.Readingdata@618425b5]" started-at="2021-06-23T09:15:22 IST" name="Abroad" data-provider="data" finished-at="2021-06-23T09:15:22 IST" duration-ms="2" status="PASS">
          <params>
            <param index="0">
              <value>
                <![CDATA[{From=San Diego, To=Dublin}]]>
              </value>
            </param>
          </params>
          <reporter-output>
          </reporter-output>
        </test-method> <!-- Abroad -->
        <test-method signature="withinUSA(java.util.HashMap)[pri:0, instance:TestCases.Readingdata@618425b5]" started-at="2021-06-23T09:15:22 IST" name="withinUSA" data-provider="data" finished-at="2021-06-23T09:15:22 IST" duration-ms="1" status="PASS">
          <params>
            <param index="0">
              <value>
                <![CDATA[{From=San Diego, To=New}]]>
              </value>
            </param>
          </params>
          <reporter-output>
          </reporter-output>
        </test-method> <!-- withinUSA -->
        <test-method signature="withinUSA(java.util.HashMap)[pri:0, instance:TestCases.Readingdata@618425b5]" started-at="2021-06-23T09:15:22 IST" name="withinUSA" data-provider="data" finished-at="2021-06-23T09:15:22 IST" duration-ms="1" status="PASS">
          <params>
            <param index="0">
              <value>
                <![CDATA[{From=San Diego, To=New}]]>
              </value>
            </param>
          </params>
          <reporter-output>
          </reporter-output>
        </test-method> <!-- withinUSA -->
        <test-method signature="withinUSA(java.util.HashMap)[pri:0, instance:TestCases.Readingdata@618425b5]" started-at="2021-06-23T09:15:22 IST" name="withinUSA" data-provider="data" finished-at="2021-06-23T09:15:22 IST" duration-ms="1" status="PASS">
          <params>
            <param index="0">
              <value>
                <![CDATA[{From=San Diego, To=New}]]>
              </value>
            </param>
          </params>
          <reporter-output>
          </reporter-output>
        </test-method> <!-- withinUSA -->
      </class> <!-- TestCases.Readingdata -->
    </test> <!-- Default test -->
  </suite> <!-- Default suite -->
</testng-results>
